AlfaLEDs Android App/app/build/intermediates/manifest_merge_blame_file/debug/manifest-merger-blame-debug-report.txt
1<?xml version="1.0" encoding="utf-8"?>
2<manifest xmlns:android="http://schemas.android.com/apk/res/android"
3    package="de.kai_morich.simple_bluetooth_le_terminal"
4    android:versionCode="1"
5    android:versionName="1.0" >
6
7    <uses-sdk
8        android:minSdkVersion="18"
8-->src/main/AndroidManifest.xml
9        android:targetSdkVersion="30" />
9-->src/main/AndroidManifest.xml
10
11    <uses-permission android:name="android.permission.FOREGROUND_SERVICE" />
11-->src/main/AndroidManifest.xml:6:5-77
11-->src/main/AndroidManifest.xml:6:22-74
12    <uses-permission android:name="android.permission.BLUETOOTH" />
12-->src/main/AndroidManifest.xml:7:5-68
12-->src/main/AndroidManifest.xml:7:22-65
13    <uses-permission android:name="android.permission.BLUETOOTH_ADMIN" />
13-->src/main/AndroidManifest.xml:8:5-74
13-->src/main/AndroidManifest.xml:8:22-71
14
15    <uses-permission-sdk-23 android:name="android.permission.ACCESS_FINE_LOCATION" />
15-->src/main/AndroidManifest.xml:9:5-86
15-->src/main/AndroidManifest.xml:9:29-83
16
17    <!-- mipmap/ic_launcher created with Android Studio -> New -> Image Asset using @color/colorPrimaryDark as background color -->
18    <application
18-->src/main/AndroidManifest.xml:12:5-27:19
19        android:appComponentFactory="androidx.core.app.CoreComponentFactory"
19-->[androidx.core:core:1.3.1] AndroidManifest.xml:24:18-86
20        android:debuggable="true"
21        android:icon="@mipmap/ic_launcher"
21-->src/main/AndroidManifest.xml:13:9-43
22        android:label="@string/app_name"
22-->src/main/AndroidManifest.xml:14:9-41
23        android:testOnly="true"
24        android:theme="@style/AppTheme" >
24-->src/main/AndroidManifest.xml:15:9-40
25        <activity
25-->src/main/AndroidManifest.xml:17:9-25:20
26            android:name="de.kai_morich.simple_bluetooth_le_terminal.MainActivity"
26-->src/main/AndroidManifest.xml:18:13-41
27            android:label="@string/app_name"
27-->src/main/AndroidManifest.xml:19:13-45
28            android:windowSoftInputMode="stateHidden|adjustResize" >
28-->src/main/AndroidManifest.xml:20:13-67
29            <intent-filter>
29-->src/main/AndroidManifest.xml:21:13-24:29
30                <action android:name="android.intent.action.MAIN" />
30-->src/main/AndroidManifest.xml:22:17-69
30-->src/main/AndroidManifest.xml:22:25-66
31
32                <category android:name="android.intent.category.LAUNCHER" />
32-->src/main/AndroidManifest.xml:23:17-77
32-->src/main/AndroidManifest.xml:23:27-74
33            </intent-filter>
34        </activity>
35
36        <service android:name="de.kai_morich.simple_bluetooth_le_terminal.SerialService" />
36-->src/main/AndroidManifest.xml:26:9-50
36-->src/main/AndroidManifest.xml:26:18-47
37    </application>
38
39</manifest>